This is pdfTeX, Version 3.141592653-2.6-1.40.24 (MiKTeX 21.12) (preloaded format=pdflatex 2022.1.22)  11 APR 2023 11:28
entering extended mode
 \write18 enabled.
 %&-line parsing enabled.
**./crane.tex
(crane.tex
LaTeX2e <2021-11-15> patch level 1
L3 programming layer <2021-11-22>
(C:\Latex\MiKTex\tex/latex/standalone\standalone.cls
Document Class: standalone 2018/03/26 v1.3a Class to compile TeX sub-files stan
dalone
(C:\Latex\MiKTex\tex/latex/tools\shellesc.sty
Package: shellesc 2019/11/08 v1.0c unified shell escape interface for LaTeX
Package shellesc Info: Unrestricted shell escape enabled on input line 75.
)
(C:\Latex\MiKTex\tex/generic/iftex\ifluatex.sty
Package: ifluatex 2019/10/25 v1.5 ifluatex legacy package. Use iftex instead.

(C:\Latex\MiKTex\tex/generic/iftex\iftex.sty
Package: iftex 2020/03/06 v1.0d TeX engine tests
))
(C:\Latex\MiKTex\tex/latex/xkeyval\xkeyval.sty
Package: xkeyval 2020/11/20 v2.8 package option processing (HA)

(C:\Latex\MiKTex\tex/generic/xkeyval\xkeyval.tex
(C:\Latex\MiKTex\tex/generic/xkeyval\xkvutils.tex
\XKV@toks=\toks16
\XKV@tempa@toks=\toks17

(C:\Latex\MiKTex\tex/generic/xkeyval\keyval.tex))
\XKV@depth=\count183
File: xkeyval.tex 2014/12/03 v2.7a key=value parser (HA)
))
\sa@internal=\count184
\c@sapage=\count185

(C:\Latex\MiKTex\tex/latex/standalone\standalone.cfg
File: standalone.cfg 2018/03/26 v1.3a Default configuration file for 'standalon
e' class
)
(C:\Latex\MiKTex\tex/latex/base\article.cls
Document Class: article 2021/10/04 v1.4n Standard LaTeX document class
(C:\Latex\MiKTex\tex/latex/base\size10.clo
File: size10.clo 2021/10/04 v1.4n Standard LaTeX file (size option)
)
\c@part=\count186
\c@section=\count187
\c@subsection=\count188
\c@subsubsection=\count189
\c@paragraph=\count190
\c@subparagraph=\count191
\c@figure=\count192
\c@table=\count193
\abovecaptionskip=\skip47
\belowcaptionskip=\skip48
\bibindent=\dimen138
)
(C:\Latex\MiKTex\tex/latex/preview\preview.sty
Package: preview 2017/04/24 12.3 (AUCTeX/preview-latex)

(C:\Latex\MiKTex\tex/latex/luatex85\luatex85.sty
Package: luatex85 2016/06/15 v1.4 pdftex aliases for luatex
)
(C:\Latex\MiKTex\tex/latex/preview\prtightpage.def
\PreviewBorder=\dimen139
)
\pr@snippet=\count194
\pr@box=\box50
\pr@output=\toks18
))
(C:\Latex\MiKTex\tex/latex/xcolor\xcolor.sty
Package: xcolor 2021/10/31 v2.13 LaTeX color extensions (UK)

(C:\Latex\MiKTex\tex/latex/graphics-cfg\color.cfg
File: color.cfg 2016/01/02 v1.6 sample color configuration
)
Package xcolor Info: Driver file: pdftex.def on input line 227.

(C:\Latex\MiKTex\tex/latex/graphics-def\pdftex.def
File: pdftex.def 2020/10/05 v1.2a Graphics/color driver for pdftex
)
(C:\Latex\MiKTex\tex/latex/colortbl\colortbl.sty
Package: colortbl 2020/01/04 v1.0e Color table columns (DPC)

(C:\Latex\MiKTex\tex/latex/tools\array.sty
Package: array 2021/10/04 v2.5f Tabular extension package (FMi)
\col@sep=\dimen140
\ar@mcellbox=\box51
\extrarowheight=\dimen141
\NC@list=\toks19
\extratabsurround=\skip49
\backup@length=\skip50
\ar@cellbox=\box52
)
\everycr=\toks20
\minrowclearance=\skip51
)
\rownum=\count195
Package xcolor Info: Model `cmy' substituted by `cmy0' on input line 1352.
Package xcolor Info: Model `hsb' substituted by `rgb' on input line 1356.
Package xcolor Info: Model `RGB' extended on input line 1368.
Package xcolor Info: Model `HTML' substituted by `rgb' on input line 1370.
Package xcolor Info: Model `Hsb' substituted by `hsb' on input line 1371.
Package xcolor Info: Model `tHsb' substituted by `hsb' on input line 1372.
Package xcolor Info: Model `HSB' substituted by `hsb' on input line 1373.
Package xcolor Info: Model `Gray' substituted by `gray' on input line 1374.
Package xcolor Info: Model `wave' substituted by `hsb' on input line 1375.
)
(C:\Latex\MiKTex\tex/latex/pgfplots\pgfplots.sty
(C:\Latex\MiKTex\tex/generic/pgfplots\pgfplots.revision.tex)
Package: pgfplots 2021/05/15 v1.18.1 Data Visualization (1.18.1)

(C:\Latex\MiKTex\tex/latex/graphics\graphicx.sty
Package: graphicx 2021/09/16 v1.2d Enhanced LaTeX Graphics (DPC,SPQR)

(C:\Latex\MiKTex\tex/latex/graphics\graphics.sty
Package: graphics 2021/03/04 v1.4d Standard LaTeX Graphics (DPC,SPQR)

(C:\Latex\MiKTex\tex/latex/graphics\trig.sty
Package: trig 2021/08/11 v1.11 sin cos tan (DPC)
)
(C:\Latex\MiKTex\tex/latex/graphics-cfg\graphics.cfg
File: graphics.cfg 2016/06/04 v1.11 sample graphics configuration
)
Package graphics Info: Driver file: pdftex.def on input line 107.
)
\Gin@req@height=\dimen142
\Gin@req@width=\dimen143
)
(C:\Latex\MiKTex\tex/latex/pgf/frontendlayer\tikz.sty
(C:\Latex\MiKTex\tex/latex/pgf/basiclayer\pgf.sty
(C:\Latex\MiKTex\tex/latex/pgf/utilities\pgfrcs.sty
(C:\Latex\MiKTex\tex/generic/pgf/utilities\pgfutil-common.tex
\pgfutil@everybye=\toks21
\pgfutil@tempdima=\dimen144
\pgfutil@tempdimb=\dimen145

(C:\Latex\MiKTex\tex/generic/pgf/utilities\pgfutil-common-lists.tex))
(C:\Latex\MiKTex\tex/generic/pgf/utilities\pgfutil-latex.def
\pgfutil@abb=\box53
)
(C:\Latex\MiKTex\tex/generic/pgf/utilities\pgfrcs.code.tex
(C:\Latex\MiKTex\tex/generic/pgf\pgf.revision.tex)
Package: pgfrcs 2021/05/15 v3.1.9a (3.1.9a)
))
Package: pgf 2021/05/15 v3.1.9a (3.1.9a)

(C:\Latex\MiKTex\tex/latex/pgf/basiclayer\pgfcore.sty
(C:\Latex\MiKTex\tex/latex/pgf/systemlayer\pgfsys.sty
(C:\Latex\MiKTex\tex/generic/pgf/systemlayer\pgfsys.code.tex
Package: pgfsys 2021/05/15 v3.1.9a (3.1.9a)

(C:\Latex\MiKTex\tex/generic/pgf/utilities\pgfkeys.code.tex
\pgfkeys@pathtoks=\toks22
\pgfkeys@temptoks=\toks23

(C:\Latex\MiKTex\tex/generic/pgf/utilities\pgfkeysfiltered.code.tex
\pgfkeys@tmptoks=\toks24
))
\pgf@x=\dimen146
\pgf@y=\dimen147
\pgf@xa=\dimen148
\pgf@ya=\dimen149
\pgf@xb=\dimen150
\pgf@yb=\dimen151
\pgf@xc=\dimen152
\pgf@yc=\dimen153
\pgf@xd=\dimen154
\pgf@yd=\dimen155
\w@pgf@writea=\write3
\r@pgf@reada=\read2
\c@pgf@counta=\count196
\c@pgf@countb=\count197
\c@pgf@countc=\count198
\c@pgf@countd=\count199
\t@pgf@toka=\toks25
\t@pgf@tokb=\toks26
\t@pgf@tokc=\toks27
\pgf@sys@id@count=\count266

(C:\Latex\MiKTex\tex/generic/pgf/systemlayer\pgf.cfg
File: pgf.cfg 2021/05/15 v3.1.9a (3.1.9a)
)
Driver file for pgf: pgfsys-pdftex.def

(C:\Latex\MiKTex\tex/generic/pgf/systemlayer\pgfsys-pdftex.def
File: pgfsys-pdftex.def 2021/05/15 v3.1.9a (3.1.9a)

(C:\Latex\MiKTex\tex/generic/pgf/systemlayer\pgfsys-common-pdf.def
File: pgfsys-common-pdf.def 2021/05/15 v3.1.9a (3.1.9a)
)))
(C:\Latex\MiKTex\tex/generic/pgf/systemlayer\pgfsyssoftpath.code.tex
File: pgfsyssoftpath.code.tex 2021/05/15 v3.1.9a (3.1.9a)
\pgfsyssoftpath@smallbuffer@items=\count267
\pgfsyssoftpath@bigbuffer@items=\count268
)
(C:\Latex\MiKTex\tex/generic/pgf/systemlayer\pgfsysprotocol.code.tex
File: pgfsysprotocol.code.tex 2021/05/15 v3.1.9a (3.1.9a)
))
(C:\Latex\MiKTex\tex/generic/pgf/basiclayer\pgfcore.code.tex
Package: pgfcore 2021/05/15 v3.1.9a (3.1.9a)

(C:\Latex\MiKTex\tex/generic/pgf/math\pgfmath.code.tex
(C:\Latex\MiKTex\tex/generic/pgf/math\pgfmathcalc.code.tex
(C:\Latex\MiKTex\tex/generic/pgf/math\pgfmathutil.code.tex)
(C:\Latex\MiKTex\tex/generic/pgf/math\pgfmathparser.code.tex
\pgfmath@dimen=\dimen156
\pgfmath@count=\count269
\pgfmath@box=\box54
\pgfmath@toks=\toks28
\pgfmath@stack@operand=\toks29
\pgfmath@stack@operation=\toks30
)
(C:\Latex\MiKTex\tex/generic/pgf/math\pgfmathfunctions.code.tex
(C:\Latex\MiKTex\tex/generic/pgf/math\pgfmathfunctions.basic.code.tex)
(C:\Latex\MiKTex\tex/generic/pgf/math\pgfmathfunctions.trigonometric.code.tex)
(C:\Latex\MiKTex\tex/generic/pgf/math\pgfmathfunctions.random.code.tex)
(C:\Latex\MiKTex\tex/generic/pgf/math\pgfmathfunctions.comparison.code.tex)
(C:\Latex\MiKTex\tex/generic/pgf/math\pgfmathfunctions.base.code.tex)
(C:\Latex\MiKTex\tex/generic/pgf/math\pgfmathfunctions.round.code.tex)
(C:\Latex\MiKTex\tex/generic/pgf/math\pgfmathfunctions.misc.code.tex)
(C:\Latex\MiKTex\tex/generic/pgf/math\pgfmathfunctions.integerarithmetics.code.
tex))) (C:\Latex\MiKTex\tex/generic/pgf/math\pgfmathfloat.code.tex
\c@pgfmathroundto@lastzeros=\count270
))
(C:\Latex\MiKTex\tex/generic/pgf/math\pgfint.code.tex)
(C:\Latex\MiKTex\tex/generic/pgf/basiclayer\pgfcorepoints.code.tex
File: pgfcorepoints.code.tex 2021/05/15 v3.1.9a (3.1.9a)
\pgf@picminx=\dimen157
\pgf@picmaxx=\dimen158
\pgf@picminy=\dimen159
\pgf@picmaxy=\dimen160
\pgf@pathminx=\dimen161
\pgf@pathmaxx=\dimen162
\pgf@pathminy=\dimen163
\pgf@pathmaxy=\dimen164
\pgf@xx=\dimen165
\pgf@xy=\dimen166
\pgf@yx=\dimen167
\pgf@yy=\dimen168
\pgf@zx=\dimen169
\pgf@zy=\dimen170
)
(C:\Latex\MiKTex\tex/generic/pgf/basiclayer\pgfcorepathconstruct.code.tex
File: pgfcorepathconstruct.code.tex 2021/05/15 v3.1.9a (3.1.9a)
\pgf@path@lastx=\dimen171
\pgf@path@lasty=\dimen172
)
(C:\Latex\MiKTex\tex/generic/pgf/basiclayer\pgfcorepathusage.code.tex
File: pgfcorepathusage.code.tex 2021/05/15 v3.1.9a (3.1.9a)
\pgf@shorten@end@additional=\dimen173
\pgf@shorten@start@additional=\dimen174
)
(C:\Latex\MiKTex\tex/generic/pgf/basiclayer\pgfcorescopes.code.tex
File: pgfcorescopes.code.tex 2021/05/15 v3.1.9a (3.1.9a)
\pgfpic=\box55
\pgf@hbox=\box56
\pgf@layerbox@main=\box57
\pgf@picture@serial@count=\count271
)
(C:\Latex\MiKTex\tex/generic/pgf/basiclayer\pgfcoregraphicstate.code.tex
File: pgfcoregraphicstate.code.tex 2021/05/15 v3.1.9a (3.1.9a)
\pgflinewidth=\dimen175
)
(C:\Latex\MiKTex\tex/generic/pgf/basiclayer\pgfcoretransformations.code.tex
File: pgfcoretransformations.code.tex 2021/05/15 v3.1.9a (3.1.9a)
\pgf@pt@x=\dimen176
\pgf@pt@y=\dimen177
\pgf@pt@temp=\dimen178
)
(C:\Latex\MiKTex\tex/generic/pgf/basiclayer\pgfcorequick.code.tex
File: pgfcorequick.code.tex 2021/05/15 v3.1.9a (3.1.9a)
)
(C:\Latex\MiKTex\tex/generic/pgf/basiclayer\pgfcoreobjects.code.tex
File: pgfcoreobjects.code.tex 2021/05/15 v3.1.9a (3.1.9a)
)
(C:\Latex\MiKTex\tex/generic/pgf/basiclayer\pgfcorepathprocessing.code.tex
File: pgfcorepathprocessing.code.tex 2021/05/15 v3.1.9a (3.1.9a)
)
(C:\Latex\MiKTex\tex/generic/pgf/basiclayer\pgfcorearrows.code.tex
File: pgfcorearrows.code.tex 2021/05/15 v3.1.9a (3.1.9a)
\pgfarrowsep=\dimen179
)
(C:\Latex\MiKTex\tex/generic/pgf/basiclayer\pgfcoreshade.code.tex
File: pgfcoreshade.code.tex 2021/05/15 v3.1.9a (3.1.9a)
\pgf@max=\dimen180
\pgf@sys@shading@range@num=\count272
\pgf@shadingcount=\count273
)
(C:\Latex\MiKTex\tex/generic/pgf/basiclayer\pgfcoreimage.code.tex
File: pgfcoreimage.code.tex 2021/05/15 v3.1.9a (3.1.9a)

(C:\Latex\MiKTex\tex/generic/pgf/basiclayer\pgfcoreexternal.code.tex
File: pgfcoreexternal.code.tex 2021/05/15 v3.1.9a (3.1.9a)
\pgfexternal@startupbox=\box58
))
(C:\Latex\MiKTex\tex/generic/pgf/basiclayer\pgfcorelayers.code.tex
File: pgfcorelayers.code.tex 2021/05/15 v3.1.9a (3.1.9a)
)
(C:\Latex\MiKTex\tex/generic/pgf/basiclayer\pgfcoretransparency.code.tex
File: pgfcoretransparency.code.tex 2021/05/15 v3.1.9a (3.1.9a)
)
(C:\Latex\MiKTex\tex/generic/pgf/basiclayer\pgfcorepatterns.code.tex
File: pgfcorepatterns.code.tex 2021/05/15 v3.1.9a (3.1.9a)
)
(C:\Latex\MiKTex\tex/generic/pgf/basiclayer\pgfcorerdf.code.tex
File: pgfcorerdf.code.tex 2021/05/15 v3.1.9a (3.1.9a)
)))
(C:\Latex\MiKTex\tex/generic/pgf/modules\pgfmoduleshapes.code.tex
File: pgfmoduleshapes.code.tex 2021/05/15 v3.1.9a (3.1.9a)
\pgfnodeparttextbox=\box59
)
(C:\Latex\MiKTex\tex/generic/pgf/modules\pgfmoduleplot.code.tex
File: pgfmoduleplot.code.tex 2021/05/15 v3.1.9a (3.1.9a)
)
(C:\Latex\MiKTex\tex/latex/pgf/compatibility\pgfcomp-version-0-65.sty
Package: pgfcomp-version-0-65 2021/05/15 v3.1.9a (3.1.9a)
\pgf@nodesepstart=\dimen181
\pgf@nodesepend=\dimen182
)
(C:\Latex\MiKTex\tex/latex/pgf/compatibility\pgfcomp-version-1-18.sty
Package: pgfcomp-version-1-18 2021/05/15 v3.1.9a (3.1.9a)
))
(C:\Latex\MiKTex\tex/latex/pgf/utilities\pgffor.sty
(C:\Latex\MiKTex\tex/latex/pgf/utilities\pgfkeys.sty
(C:\Latex\MiKTex\tex/generic/pgf/utilities\pgfkeys.code.tex))
(C:\Latex\MiKTex\tex/latex/pgf/math\pgfmath.sty
(C:\Latex\MiKTex\tex/generic/pgf/math\pgfmath.code.tex))
(C:\Latex\MiKTex\tex/generic/pgf/utilities\pgffor.code.tex
Package: pgffor 2021/05/15 v3.1.9a (3.1.9a)

(C:\Latex\MiKTex\tex/generic/pgf/math\pgfmath.code.tex)
\pgffor@iter=\dimen183
\pgffor@skip=\dimen184
\pgffor@stack=\toks31
\pgffor@toks=\toks32
))
(C:\Latex\MiKTex\tex/generic/pgf/frontendlayer/tikz\tikz.code.tex
Package: tikz 2021/05/15 v3.1.9a (3.1.9a)

(C:\Latex\MiKTex\tex/generic/pgf/libraries\pgflibraryplothandlers.code.tex
File: pgflibraryplothandlers.code.tex 2021/05/15 v3.1.9a (3.1.9a)
\pgf@plot@mark@count=\count274
\pgfplotmarksize=\dimen185
)
\tikz@lastx=\dimen186
\tikz@lasty=\dimen187
\tikz@lastxsaved=\dimen188
\tikz@lastysaved=\dimen189
\tikz@lastmovetox=\dimen190
\tikz@lastmovetoy=\dimen191
\tikzleveldistance=\dimen192
\tikzsiblingdistance=\dimen193
\tikz@figbox=\box60
\tikz@figbox@bg=\box61
\tikz@tempbox=\box62
\tikz@tempbox@bg=\box63
\tikztreelevel=\count275
\tikznumberofchildren=\count276
\tikznumberofcurrentchild=\count277
\tikz@fig@count=\count278

(C:\Latex\MiKTex\tex/generic/pgf/modules\pgfmodulematrix.code.tex
File: pgfmodulematrix.code.tex 2021/05/15 v3.1.9a (3.1.9a)
\pgfmatrixcurrentrow=\count279
\pgfmatrixcurrentcolumn=\count280
\pgf@matrix@numberofcolumns=\count281
)
\tikz@expandcount=\count282

(C:\Latex\MiKTex\tex/generic/pgf/frontendlayer/tikz/libraries\tikzlibrarytopath
s.code.tex
File: tikzlibrarytopaths.code.tex 2021/05/15 v3.1.9a (3.1.9a)
))) (C:\Latex\MiKTex\tex/generic/pgfplots\pgfplots.code.tex
(C:\Latex\MiKTex\tex/generic/pgfplots\pgfplotscore.code.tex
\t@pgfplots@toka=\toks33
\t@pgfplots@tokb=\toks34
\t@pgfplots@tokc=\toks35
\pgfplots@tmpa=\dimen194
\c@pgfplots@coordindex=\count283
\c@pgfplots@scanlineindex=\count284

(C:\Latex\MiKTex\tex/generic/pgfplots/sys\pgfplotssysgeneric.code.tex))
(C:\Latex\MiKTex\tex/generic/pgfplots/libs\pgfplotslibrary.code.tex)
(C:\Latex\MiKTex\tex/generic/pgfplots/oldpgfcompatib\pgfplotsoldpgfsupp_loader.
code.tex (C:\Latex\MiKTex\tex/generic/pgf/libraries\pgflibraryfpu.code.tex))
(C:\Latex\MiKTex\tex/generic/pgfplots/util\pgfplotsutil.code.tex
(C:\Latex\MiKTex\tex/generic/pgfplots/liststructure\pgfplotsliststructure.code.
tex)
(C:\Latex\MiKTex\tex/generic/pgfplots/liststructure\pgfplotsliststructureext.co
de.tex)
(C:\Latex\MiKTex\tex/generic/pgfplots/liststructure\pgfplotsarray.code.tex
\c@pgfplotsarray@tmp=\count285
)
(C:\Latex\MiKTex\tex/generic/pgfplots/liststructure\pgfplotsmatrix.code.tex)
(C:\Latex\MiKTex\tex/generic/pgfplots/numtable\pgfplotstableshared.code.tex
\c@pgfplotstable@counta=\count286
\t@pgfplotstable@a=\toks36
)
(C:\Latex\MiKTex\tex/generic/pgfplots/liststructure\pgfplotsdeque.code.tex)
(C:\Latex\MiKTex\tex/generic/pgfplots/util\pgfplotsbinary.code.tex
(C:\Latex\MiKTex\tex/generic/pgfplots/util\pgfplotsbinary.data.code.tex))
(C:\Latex\MiKTex\tex/generic/pgfplots/util\pgfplotsutil.verb.code.tex)
(C:\Latex\MiKTex\tex/generic/pgfplots/libs\pgflibrarypgfplots.surfshading.code.
tex
\c@pgfplotslibrarysurf@no=\count287

(C:\Latex\MiKTex\tex/generic/pgfplots/sys\pgflibrarypgfplots.surfshading.pgfsys
-pdftex.def)))
(C:\Latex\MiKTex\tex/generic/pgfplots/util\pgfplotscolormap.code.tex
(C:\Latex\MiKTex\tex/generic/pgfplots/util\pgfplotscolor.code.tex))
(C:\Latex\MiKTex\tex/generic/pgfplots\pgfplotsstackedplots.code.tex)
(C:\Latex\MiKTex\tex/generic/pgfplots\pgfplotsplothandlers.code.tex
(C:\Latex\MiKTex\tex/generic/pgfplots\pgfplotsmeshplothandler.code.tex
(C:\Latex\MiKTex\tex/generic/pgfplots\pgfplotsmeshplotimage.code.tex)))
(C:\Latex\MiKTex\tex/generic/pgfplots\pgfplots.scaling.code.tex)
(C:\Latex\MiKTex\tex/generic/pgfplots\pgfplotscoordprocessing.code.tex)
(C:\Latex\MiKTex\tex/generic/pgfplots\pgfplots.errorbars.code.tex)
(C:\Latex\MiKTex\tex/generic/pgfplots\pgfplots.markers.code.tex)
(C:\Latex\MiKTex\tex/generic/pgfplots\pgfplotsticks.code.tex)
(C:\Latex\MiKTex\tex/generic/pgfplots\pgfplots.paths.code.tex)
(C:\Latex\MiKTex\tex/generic/pgf/frontendlayer/tikz/libraries\tikzlibrarydecora
tions.code.tex
(C:\Latex\MiKTex\tex/generic/pgf/modules\pgfmoduledecorations.code.tex
\pgfdecoratedcompleteddistance=\dimen195
\pgfdecoratedremainingdistance=\dimen196
\pgfdecoratedinputsegmentcompleteddistance=\dimen197
\pgfdecoratedinputsegmentremainingdistance=\dimen198
\pgf@decorate@distancetomove=\dimen199
\pgf@decorate@repeatstate=\count288
\pgfdecorationsegmentamplitude=\dimen256
\pgfdecorationsegmentlength=\dimen257
)
\tikz@lib@dec@box=\box64
)
(C:\Latex\MiKTex\tex/generic/pgf/frontendlayer/tikz/libraries\tikzlibrarydecora
tions.pathmorphing.code.tex
(C:\Latex\MiKTex\tex/generic/pgf/libraries/decorations\pgflibrarydecorations.pa
thmorphing.code.tex))
(C:\Latex\MiKTex\tex/generic/pgf/frontendlayer/tikz/libraries\tikzlibrarydecora
tions.pathreplacing.code.tex
(C:\Latex\MiKTex\tex/generic/pgf/libraries/decorations\pgflibrarydecorations.pa
threplacing.code.tex))
(C:\Latex\MiKTex\tex/generic/pgfplots/libs\tikzlibrarypgfplots.contourlua.code.
tex)
\pgfplots@numplots=\count289
\pgfplots@xmin@reg=\dimen258
\pgfplots@xmax@reg=\dimen259
\pgfplots@ymin@reg=\dimen260
\pgfplots@ymax@reg=\dimen261
\pgfplots@zmin@reg=\dimen262
\pgfplots@zmax@reg=\dimen263
)
(C:\Latex\MiKTex\tex/generic/pgf/frontendlayer/tikz/libraries\tikzlibraryplotma
rks.code.tex
File: tikzlibraryplotmarks.code.tex 2021/05/15 v3.1.9a (3.1.9a)

(C:\Latex\MiKTex\tex/generic/pgf/libraries\pgflibraryplotmarks.code.tex
File: pgflibraryplotmarks.code.tex 2021/05/15 v3.1.9a (3.1.9a)
)))
(C:\Latex\MiKTex\tex/latex/tkz-euclide\tkz-euclide.sty
2022/09/23 4.25c tkz-euclide.sty
Package: tkz-euclide  2022/09/23 4.25c for pure Euclidean Geometry 

(C:\Latex\MiKTex\tex/generic/pgf/frontendlayer/tikz/libraries\tikzlibraryangles
.code.tex
File: tikzlibraryangles.code.tex 2021/05/15 v3.1.9a (3.1.9a)
)
(C:\Latex\MiKTex\tex/generic/pgf/frontendlayer/tikz/libraries\tikzlibraryarrows
.code.tex
File: tikzlibraryarrows.code.tex 2021/05/15 v3.1.9a (3.1.9a)
 (C:\Latex\MiKTex\tex/generic/pgf/libraries\pgflibraryarrows.code.tex
File: pgflibraryarrows.code.tex 2021/05/15 v3.1.9a (3.1.9a)
\arrowsize=\dimen264
)) (C:\Latex\MiKTex\tex/generic/pgf/libraries\pgflibraryarrows.meta.code.tex
File: pgflibraryarrows.meta.code.tex 2021/05/15 v3.1.9a (3.1.9a)
\pgfarrowinset=\dimen265
\pgfarrowlength=\dimen266
\pgfarrowwidth=\dimen267
\pgfarrowlinewidth=\dimen268
)
(C:\Latex\MiKTex\tex/generic/pgf/frontendlayer/tikz/libraries\tikzlibrarybackgr
ounds.code.tex
File: tikzlibrarybackgrounds.code.tex 2021/05/15 v3.1.9a (3.1.9a)
\pgf@layerbox@background=\box65
\pgf@layerboxsaved@background=\box66
)
(C:\Latex\MiKTex\tex/generic/pgf/frontendlayer/tikz/libraries\tikzlibrarycalc.c
ode.tex
File: tikzlibrarycalc.code.tex 2021/05/15 v3.1.9a (3.1.9a)
)
(C:\Latex\MiKTex\tex/generic/pgf/frontendlayer/tikz/libraries\tikzlibrarydecora
tions.markings.code.tex
(C:\Latex\MiKTex\tex/generic/pgf/libraries/decorations\pgflibrarydecorations.ma
rkings.code.tex))
(C:\Latex\MiKTex\tex/generic/pgf/frontendlayer/tikz/libraries\tikzlibrarydecora
tions.shapes.code.tex
(C:\Latex\MiKTex\tex/generic/pgf/libraries/decorations\pgflibrarydecorations.sh
apes.code.tex))
(C:\Latex\MiKTex\tex/generic/pgf/frontendlayer/tikz/libraries\tikzlibrarydecora
tions.text.code.tex
(C:\Latex\MiKTex\tex/generic/pgf/libraries/decorations\pgflibrarydecorations.te
xt.code.tex
\pgf@lib@dec@text@box=\box67
)
\tikz@lib@dec@te@box=\box68
)
(C:\Latex\MiKTex\tex/generic/pgf/frontendlayer/tikz/libraries\tikzlibraryinters
ections.code.tex
(C:\Latex\MiKTex\tex/generic/pgf/libraries\pgflibraryintersections.code.tex
\pgf@intersect@solutions=\count290
))
(C:\Latex\MiKTex\tex/generic/pgf/frontendlayer/tikz/libraries\tikzlibrarymath.c
ode.tex
(C:\Latex\MiKTex\tex/generic/pgf/frontendlayer/tikz/libraries\tikzlibraryfpu.co
de.tex)
\tikz@math@for@depth=\count291
\tikz@math@dimen=\dimen269
\tikz@math@toks=\toks37
)
(C:\Latex\MiKTex\tex/generic/pgf/frontendlayer/tikz/libraries\tikzlibrarypositi
oning.code.tex
File: tikzlibrarypositioning.code.tex 2021/05/15 v3.1.9a (3.1.9a)
)
(C:\Latex\MiKTex\tex/generic/pgf/frontendlayer/tikz/libraries\tikzlibraryquotes
.code.tex
File: tikzlibraryquotes.code.tex 2021/05/15 v3.1.9a (3.1.9a)
)
(C:\Latex\MiKTex\tex/generic/pgf/frontendlayer/tikz/libraries\tikzlibraryshapes
.misc.code.tex
File: tikzlibraryshapes.misc.code.tex 2021/05/15 v3.1.9a (3.1.9a)

(C:\Latex\MiKTex\tex/generic/pgf/libraries/shapes\pgflibraryshapes.misc.code.te
x
File: pgflibraryshapes.misc.code.tex 2021/05/15 v3.1.9a (3.1.9a)
))
(C:\Latex\MiKTex\tex/generic/pgf/frontendlayer/tikz/libraries\tikzlibrarythroug
h.code.tex
File: tikzlibrarythrough.code.tex 2021/05/15 v3.1.9a (3.1.9a)
) (C:\Latex\MiKTex\tex/latex/l3packages/xfp\xfp.sty
(C:\Latex\MiKTex\tex/latex/l3kernel\expl3.sty
Package: expl3 2021-11-22 L3 programming layer (loader) 

(C:\Latex\MiKTex\tex/latex/l3backend\l3backend-pdftex.def
File: l3backend-pdftex.def 2021-10-18 L3 backend support: PDF output (pdfTeX)
\l__color_backend_stack_int=\count292
\l__pdf_internal_box=\box69
))
Package: xfp 2021-11-12 L3 Floating point unit
)
(C:\Latex\MiKTex\tex/latex/xpatch\xpatch.sty
Package: xpatch 2020/03/25 v0.3a Extending etoolbox patching commands

(C:\Latex\MiKTex\tex/latex/l3packages/xparse\xparse.sty
Package: xparse 2021-11-12 L3 Experimental document command parser
)
(C:\Latex\MiKTex\tex/latex/etoolbox\etoolbox.sty
Package: etoolbox 2020/10/05 v2.5k e-TeX tools for LaTeX (JAW)
\etb@tempcnta=\count293
))
\tkzRadius=\dimen270
\tkzLength=\dimen271
\tkz@radi=\dimen272
\tkz@ax=\dimen273
\tkz@ay=\dimen274
\tkz@bx=\dimen275
\tkz@by=\dimen276
\tkz@cx=\dimen277
\tkz@cy=\dimen278
\tkz@dx=\dimen279
\tkz@dy=\dimen280
\tkz@cntmk=\count294

Local configuration file tkz-euclide.cfg found and used
(C:\Latex\MiKTex\tex/latex/tkz-euclide\tkz-euclide.cfg
2022/09/23 4.25c tkz-euclide.cfg
) (C:\Latex\MiKTex\tex/latex/tkz-euclide\tkz-tools-eu-base.tex
2022/09/23 4.25c tkz-tools-eu-base.tex
) (C:\Latex\MiKTex\tex/latex/tkz-euclide\tkz-tools-eu-utilities.tex
2022/09/23 4.25c tkz-tools-eu-utilities.tex
) (C:\Latex\MiKTex\tex/latex/tkz-euclide\tkz-tools-eu-BB.tex
2022/09/23 4.25c tkz-obj-eu-BB.tex
) (C:\Latex\MiKTex\tex/latex/tkz-euclide\tkz-obj-eu-grids.tex
2022/09/23 4.25c tkz-obj-eu-grids.tex
) (C:\Latex\MiKTex\tex/latex/tkz-euclide\tkz-lib-eu-marks.tex
2022/09/23 4.25c tkz-lib-eu-marks.tex
) (C:\Latex\MiKTex\tex/latex/tkz-euclide\tkz-tools-eu-text.tex
2022/09/23 4.25c tkz-tools-eu-text.tex
) (C:\Latex\MiKTex\tex/latex/tkz-euclide\tkz-lib-eu-shape.tex
2022/09/23 4.25c tkz-lib-eu-shape.tex
) (C:\Latex\MiKTex\tex/latex/tkz-euclide\tkz-obj-eu-axesmin.tex
2022/09/23 4.25c tkz-obj-eu-axesmin
) (C:\Latex\MiKTex\tex/latex/tkz-euclide\tkz-tools-eu-colors.tex
2022/09/23 4.25c tkz-tools-eu-colors
) (C:\Latex\MiKTex\tex/latex/tkz-euclide\tkz-obj-eu-points.tex
2022/09/23 4.25c tkz-obj-eu-points.tex
) (C:\Latex\MiKTex\tex/latex/tkz-euclide\tkz-obj-eu-draw-points.tex
2022/09/23 4.25c tkz-obj-eu-points.tex
) (C:\Latex\MiKTex\tex/latex/tkz-euclide\tkz-tools-eu-angles.tex
2022/09/23 4.25c tkz-tools-eu-angles.tex
) (C:\Latex\MiKTex\tex/latex/tkz-euclide\tkz-tools-eu-intersections.tex
2022/09/23 4.25c tkz-tools-eu-intersections.tex
) (C:\Latex\MiKTex\tex/latex/tkz-euclide\tkz-tools-eu-math.tex
2022/09/23 4.25c tkz-tools-eu-math.tex
) (C:\Latex\MiKTex\tex/latex/tkz-euclide\tkz-obj-eu-compass.tex
2022/09/23 4.25c tkz-obj-eu-compass.tex
) (C:\Latex\MiKTex\tex/latex/tkz-euclide\tkz-obj-eu-circles.tex
2022/09/23 4.25c tkz-obj-eu-circles.tex
) (C:\Latex\MiKTex\tex/latex/tkz-euclide\tkz-obj-eu-circles-by.tex
2022/09/23 4.25c tkz-obj-eu-circles.tex
) (C:\Latex\MiKTex\tex/latex/tkz-euclide\tkz-obj-eu-draw-angles.tex
2022/09/23 4.25c tkz-tool-eu-angles.tex
) (C:\Latex\MiKTex\tex/latex/tkz-euclide\tkz-obj-eu-draw-circles.tex
2022/09/23 4.25c tkz-obj-eu-draw-circles.tex
) (C:\Latex\MiKTex\tex/latex/tkz-euclide\tkz-obj-eu-draw-lines.tex
2022/09/23 4.25c tkz-obj-eu-draw-lines.tex
) (C:\Latex\MiKTex\tex/latex/tkz-euclide\tkz-obj-eu-draw-polygons.tex
2022/09/23 4.25c tkz-obj-eu-polygons.tex
) (C:\Latex\MiKTex\tex/latex/tkz-euclide\tkz-obj-eu-lines.tex
2022/09/23 4.25c tkz-obj-eu-lines.tex
) (C:\Latex\MiKTex\tex/latex/tkz-euclide\tkz-obj-eu-points-by.tex
2022/09/23 4.25c tkz-tools-eu-points-by.tex
) (C:\Latex\MiKTex\tex/latex/tkz-euclide\tkz-obj-eu-points-rnd.tex
2022/09/23 4.25c tkz-obj-eu-points-rnd.tex
) (C:\Latex\MiKTex\tex/latex/tkz-euclide\tkz-obj-eu-points-spc.tex
2022/09/23 4.25c tkz-obj-eu-points.tex
) (C:\Latex\MiKTex\tex/latex/tkz-euclide\tkz-obj-eu-points-with.tex
2022/09/23 4.25c tkz-obj-eu-points-with.tex
) (C:\Latex\MiKTex\tex/latex/tkz-euclide\tkz-obj-eu-polygons.tex
2022/09/23 4.25c tkz-obj-eu-polygons.tex
) (C:\Latex\MiKTex\tex/latex/tkz-euclide\tkz-obj-eu-protractor.tex
2022/09/23 4.25c tkz-obj-eu-protractor.tex
) (C:\Latex\MiKTex\tex/latex/tkz-euclide\tkz-obj-eu-sectors.tex
2022/09/23 4.25c tkz-obj-eu-sectors.tex
) (C:\Latex\MiKTex\tex/latex/tkz-euclide\tkz-obj-eu-show.tex
2022/09/23 4.25c tkz-obj-eu-show.tex
) (C:\Latex\MiKTex\tex/latex/tkz-euclide\tkz-obj-eu-triangles.tex
2022/09/23 4.25c tkz-obj-eu-triangles.tex
)) (C:\Latex\MiKTex\tex/latex/caption\caption.sty
Package: caption 2020/10/26 v3.5g Customizing captions (AR)

(C:\Latex\MiKTex\tex/latex/caption\caption3.sty
Package: caption3 2020/10/21 v2.2e caption3 kernel (AR)
\captionmargin=\dimen281
\captionmargin@=\dimen282
\captionwidth=\dimen283
\caption@tempdima=\dimen284
\caption@indent=\dimen285
\caption@parindent=\dimen286
\caption@hangindent=\dimen287
Package caption Info: Standard document class detected.
)
\c@caption@flags=\count295
\c@continuedfloat=\count296
)
(C:\Latex\MiKTex\tex/generic/pgfplots/libs\tikzlibrarypgfplots.fillbetween.code
.tex
(C:\Latex\MiKTex\tex/generic/pgfplots/pgfcontrib\tikzlibraryfillbetween.code.te
x
(C:\Latex\MiKTex\tex/generic/pgfplots/pgfcontrib\tikzlibrarydecorations.softcli
p.code.tex
(C:\Latex\MiKTex\tex/generic/pgfplots/pgfcontrib\pgflibraryfillbetween.code.tex
)))
(C:\Latex\MiKTex\tex/generic/pgfplots/libs\tikzlibrarypgfplots.decorations.soft
clip.code.tex))
(C:\Latex\MiKTex\tex/generic/pgf/frontendlayer/tikz/libraries\tikzlibrarypatter
ns.code.tex
File: tikzlibrarypatterns.code.tex 2021/05/15 v3.1.9a (3.1.9a)

(C:\Latex\MiKTex\tex/generic/pgf/libraries\pgflibrarypatterns.code.tex
File: pgflibrarypatterns.code.tex 2021/05/15 v3.1.9a (3.1.9a)
))
(C:\Latex\MiKTex\tex/generic/pgf/frontendlayer/tikz/libraries\tikzlibraryfit.co
de.tex
File: tikzlibraryfit.code.tex 2021/05/15 v3.1.9a (3.1.9a)
)
(C:\Latex\MiKTex\tex/generic/pgf/frontendlayer/tikz/libraries\tikzlibrarytrees.
code.tex
File: tikzlibrarytrees.code.tex 2021/05/15 v3.1.9a (3.1.9a)
)
(C:\Latex\MiKTex\tex/generic/pgf/frontendlayer/tikz/libraries\tikzlibrarymatrix
.code.tex
File: tikzlibrarymatrix.code.tex 2021/05/15 v3.1.9a (3.1.9a)
)
(C:\Latex\MiKTex\tex/generic/pgf/frontendlayer/tikz/libraries\tikzlibraryshadin
gs.code.tex
File: tikzlibraryshadings.code.tex 2021/05/15 v3.1.9a (3.1.9a)

(C:\Latex\MiKTex\tex/generic/pgf/libraries\pgflibraryshadings.code.tex
File: pgflibraryshadings.code.tex 2021/05/15 v3.1.9a (3.1.9a)
))
(C:\Latex\MiKTex\tex/generic/pgf/frontendlayer/tikz/libraries\tikzlibraryshadow
s.code.tex
File: tikzlibraryshadows.code.tex 2021/05/15 v3.1.9a (3.1.9a)

(C:\Latex\MiKTex\tex/generic/pgf/frontendlayer/tikz/libraries\tikzlibraryfading
s.code.tex
File: tikzlibraryfadings.code.tex 2021/05/15 v3.1.9a (3.1.9a)

(C:\Latex\MiKTex\tex/generic/pgf/libraries\pgflibraryfadings.code.tex
File: pgflibraryfadings.code.tex 2021/05/15 v3.1.9a (3.1.9a)
)))
(C:\Latex\MiKTex\tex/generic/pgf/frontendlayer/tikz/libraries\tikzlibrarypatter
ns.meta.code.tex
(C:\Latex\MiKTex\tex/generic/pgf/libraries\pgflibrarypatterns.meta.code.tex))
(C:\Latex\MiKTex\tex/generic/pgf/frontendlayer/tikz/libraries\tikzlibraryperspe
ctive.code.tex
File: tikzlibraryperspective.code.tex 2021/05/15 v3.1.9a (3.1.9a)
)
(C:\Latex\MiKTex\tex/generic/pgf/frontendlayer/tikz/libraries\tikzlibrary3d.cod
e.tex
File: tikzlibrary3d.code.tex 2021/05/15 v3.1.9a (3.1.9a)
) (crane.aux)
\openout1 = `crane.aux'.

LaTeX Font Info:    Checking defaults for OML/cmm/m/it on input line 26.
LaTeX Font Info:    ... okay on input line 26.
LaTeX Font Info:    Checking defaults for OMS/cmsy/m/n on input line 26.
LaTeX Font Info:    ... okay on input line 26.
LaTeX Font Info:    Checking defaults for OT1/cmr/m/n on input line 26.
LaTeX Font Info:    ... okay on input line 26.
LaTeX Font Info:    Checking defaults for T1/cmr/m/n on input line 26.
LaTeX Font Info:    ... okay on input line 26.
LaTeX Font Info:    Checking defaults for TS1/cmr/m/n on input line 26.
LaTeX Font Info:    ... okay on input line 26.
LaTeX Font Info:    Checking defaults for OMX/cmex/m/n on input line 26.
LaTeX Font Info:    ... okay on input line 26.
LaTeX Font Info:    Checking defaults for U/cmr/m/n on input line 26.
LaTeX Font Info:    ... okay on input line 26.

Preview: Fontsize 10pt
Preview: PDFoutput 1
(C:\Latex\MiKTex\tex/context/base/mkii\supp-pdf.mkii
[Loading MPS to PDF converter (version 2006.09.02).]
\scratchcounter=\count297
\scratchdimen=\dimen288
\scratchbox=\box70
\nofMPsegments=\count298
\nofMParguments=\count299
\everyMPshowfont=\toks38
\MPscratchCnt=\count300
\MPscratchDim=\dimen289
\MPnumerator=\count301
\makeMPintoPDFobject=\count302
\everyMPtoPDFconversion=\toks39
) (C:\Latex\MiKTex\tex/latex/epstopdf-pkg\epstopdf-base.sty
Package: epstopdf-base 2020-01-24 v2.11 Base part for package epstopdf
Package epstopdf-base Info: Redefining graphics rule for `.eps' on input line 4
85.

(C:\Latex\MiKTex\tex/latex/00miktex\epstopdf-sys.cfg
File: epstopdf-sys.cfg 2021/03/18 v2.0 Configuration of epstopdf for MiKTeX
))
Package pgfplots notification 'compat/show suggested version=true': document ha
s been generated with the most recent feature set (\pgfplotsset{compat=1.18}).

Package caption Info: Begin \AtBeginDocument code.
Package caption Info: End \AtBeginDocument code.
Missing character: There is no ; in font nullfont!
Missing character: There is no ; in font nullfont!
Missing character: There is no ; in font nullfont!
Missing character: There is no ; in font nullfont!
Missing character: There is no ; in font nullfont!
Missing character: There is no ; in font nullfont!
Missing character: There is no ; in font nullfont!
Missing character: There is no ; in font nullfont!
Missing character: There is no ; in font nullfont!
Missing character: There is no ; in font nullfont!
Missing character: There is no ; in font nullfont!
Missing character: There is no ; in font nullfont!
Missing character: There is no ; in font nullfont!
Missing character: There is no ; in font nullfont!
Missing character: There is no ; in font nullfont!
Missing character: There is no ; in font nullfont!
Missing character: There is no ; in font nullfont!
Missing character: There is no ; in font nullfont!
Missing character: There is no ; in font nullfont!
Missing character: There is no ; in font nullfont!
Missing character: There is no ; in font nullfont!
Missing character: There is no ; in font nullfont!
Missing character: There is no ; in font nullfont!
Missing character: There is no ; in font nullfont!
Missing character: There is no ; in font nullfont!
Missing character: There is no ; in font nullfont!
LaTeX Font Info:    External font `cmex10' loaded for size
(Font)              <7> on input line 181.
LaTeX Font Info:    External font `cmex10' loaded for size
(Font)              <5> on input line 181.
Missing character: There is no ; in font nullfont!
Missing character: There is no ; in font nullfont!
Preview: Tightpage 0 0 0 0
[1{C:/Users/admin/AppData/Local/MiKTeX/fonts/map/pdftex/pdftex.map}] (crane.aux
) ) 
Here is how much of TeX's memory you used:
 30278 strings out of 478659
 787485 string characters out of 2859579
 11142986 words of memory out of 13000000
 47790 multiletter control sequences out of 15000+600000
 404038 words of font info for 29 fonts, out of 8000000 for 9000
 1141 hyphenation exceptions out of 8191
 99i,7n,117p,1227b,1169s stack positions out of 5000i,500n,10000p,200000b,80000s
<C:/Latex/MiKTex/fonts/type1/public/amsfonts/cm/cmbx8.pfb><C:/Latex/MiKTex/f
onts/type1/public/amsfonts/cm/cmmi10.pfb><C:/Latex/MiKTex/fonts/type1/public/am
sfonts/cm/cmr10.pfb><C:/Latex/MiKTex/fonts/type1/public/amsfonts/cm/cmr8.pfb><C
:/Latex/MiKTex/fonts/type1/public/amsfonts/cm/cmsy10.pfb>
Output written on crane.pdf (1 page, 65029 bytes).
PDF statistics:
 64 PDF objects out of 1000 (max. 8388607)
 0 named destinations out of 1000 (max. 500000)
 129 words of extra memory for PDF output out of 10000 (max. 10000000)

